{
  "stats": {
    "suites": 2,
    "tests": 3,
    "passes": 2,
    "pending": 0,
    "failures": 1,
    "start": "2023-08-18T04:56:32.481Z",
    "end": "2023-08-18T04:56:44.784Z",
    "duration": 12303,
    "testsRegistered": 3,
    "passPercent": 66.66666666666666,
    "pendingPercent": 0,
    "other": 0,
    "hasOther": false,
    "skipped": 0,
    "hasSkipped": false
  },
  "results": [
    {
      "uuid": "dc289ffa-3dfc-4684-96ec-28ae81a71dba",
      "title": "",
      "fullFile": "",
      "file": "",
      "beforeHooks": [],
      "afterHooks": [],
      "tests": [],
      "suites": [
        {
          "uuid": "dcf37e17-0ad0-43a8-9423-4813230b889a",
          "title": "add todo test",
          "fullFile": "F:\\xampp-php8\\htdocs\\Jenkins\\Brangus\\code\\seleniumDemo\\test\\thirdTest.js",
          "file": "\\test\\thirdTest.js",
          "beforeHooks": [],
          "afterHooks": [],
          "tests": [
            {
              "title": "successfully adds a todo to application",
              "fullTitle": "add todo test successfully adds a todo to application",
              "timedOut": null,
              "duration": 6948,
              "state": "passed",
              "speed": "slow",
              "pass": true,
              "fail": false,
              "pending": false,
              "context": null,
              "code": "// Test\n        // launch the browser \n        let driver = await new Builder().forBrowser(\"chrome\").build();\n        // navigate to our application\n        await driver.get(\"https://lambdatest.github.io/sample-todo-app/\");\n        // add a todo\n        await driver.findElement(By.id('sampletodotext')).sendKeys('Learn Javascript',Key.RETURN);\n        /** assertion to check if the text \"Learn Selenium\" was added **/\n        // find the last item on the list and retrieve it // retrieves the last item added to the list \n        let todoText = await driver.findElement(By.xpath('//li[last()]')).getText().then(function(value){\n            return value\n        })   \n        await new Promise(r => setTimeout(r, 2000)); // similar to sleep \n        \n        // assert using chai should  ( should uses the value that you want to validate )\n        todoText.should.equal('Learn Javascript');\n        // close the browser\n        await driver.quit();",
              "err": {},
              "uuid": "b096c083-4117-4c46-8a67-90f50463aca8",
              "parentUUID": null,
              "isHook": false,
              "skipped": false
            }
          ],
          "suites": [],
          "passes": [
            "b096c083-4117-4c46-8a67-90f50463aca8"
          ],
          "failures": [],
          "pending": [],
          "skipped": [],
          "duration": 6948,
          "root": false,
          "rootEmpty": false,
          "_timeout": null
        },
        {
          "uuid": "9f14b3fa-9d39-4b96-b13f-74f50ce0a448",
          "title": "add second todo test",
          "fullFile": "F:\\xampp-php8\\htdocs\\Jenkins\\Brangus\\code\\seleniumDemo\\test\\secondTest.js",
          "file": "\\test\\secondTest.js",
          "beforeHooks": [],
          "afterHooks": [],
          "tests": [
            {
              "title": "successfully adds a second todo to application",
              "fullTitle": "add second todo test successfully adds a second todo to application",
              "timedOut": null,
              "duration": 6888,
              "state": "passed",
              "speed": "slow",
              "pass": true,
              "fail": false,
              "pending": false,
              "context": null,
              "code": "// Test\n        // launch the browser \n        let driver = await new Builder().forBrowser(\"chrome\").build();\n        // navigate to our application\n        await driver.get(\"https://lambdatest.github.io/sample-todo-app/\");\n        // add a todo\n        await driver.findElement(By.id('sampletodotext')).sendKeys('Learn Javascript',Key.RETURN);\n        /** assertion to check if the text \"Learn Selenium\" was added **/\n        // find the last item on the list and retrieve it // retrieves the last item added to the list \n        let todoText = await driver.findElement(By.xpath('//li[last()]')).getText().then(function(value){\n            return value\n        })   \n        await new Promise(r => setTimeout(r, 2000)); // similar to sleep \n        \n        // assert using chai should  ( should uses the value that you want to validate )\n        todoText.should.equal('Learn Javascript');\n        // close the browser\n        await driver.quit();",
              "err": {},
              "uuid": "4730572a-e3cc-43f3-a880-33c6f6c82016",
              "parentUUID": null,
              "isHook": false,
              "skipped": false
            },
            {
              "title": "fail test",
              "fullTitle": "add second todo test fail test",
              "timedOut": null,
              "duration": 4716,
              "state": "failed",
              "speed": null,
              "pass": false,
              "fail": true,
              "pending": false,
              "context": null,
              "code": "// Test\n        // launch the browser \n        let driver = await new Builder().forBrowser(\"chrome\").build();\n        // navigate to our application\n        await driver.get(\"https://lambdatest.github.io/sample-todo-app/\");\n        // add a todo\n        await driver.findElement(By.id('sampletodotext')).sendKeys('Learn Javascript',Key.RETURN);\n        /** assertion to check if the text \"Learn Selenium\" was added **/\n        // find the last item on the list and retrieve it // retrieves the last item added to the list \n        let todoText = await driver.findElement(By.xpath('//li[last()]')).getText().then(function(value){\n            return value\n        })   \n        await new Promise(r => setTimeout(r, 2000)); // similar to sleep \n        \n        // assert using chai should  ( should uses the value that you want to validate )\n        todoText.should.equal('Dont Learn Javascript');\n        // close the browser\n        await driver.quit();",
              "err": {
                "message": "AssertionError: expected 'Learn Javascript' to equal 'Dont Learn Javascript'",
                "estack": "AssertionError: expected 'Learn Javascript' to equal 'Dont Learn Javascript'\n    at Context.<anonymous> (test\\secondTest.js:69:25)",
                "diff": "- Learn Javascript\n+ Dont Learn Javascript\n"
              },
              "uuid": "80997b0a-4d9f-47da-ae37-7889ecdf8a25",
              "parentUUID": null,
              "isHook": false,
              "skipped": false
            }
          ],
          "suites": [],
          "passes": [
            "4730572a-e3cc-43f3-a880-33c6f6c82016"
          ],
          "failures": [
            "80997b0a-4d9f-47da-ae37-7889ecdf8a25"
          ],
          "pending": [],
          "skipped": [],
          "duration": 11604,
          "root": false,
          "rootEmpty": false,
          "_timeout": null
        }
      ],
      "passes": [],
      "failures": [],
      "pending": [],
      "skipped": [],
      "duration": 0,
      "root": true,
      "rootEmpty": true,
      "_timeout": 0
    }
  ],
  "meta": {
    "mocha": {
      "version": "10.2.0"
    },
    "mochawesome": {
      "options": {
        "quiet": false,
        "reportFilename": "mochawesome",
        "saveHtml": true,
        "saveJson": true,
        "consoleReporter": "spec",
        "useInlineDiffs": false,
        "code": true
      },
      "version": "7.1.3"
    },
    "marge": {
      "options": null,
      "version": "6.2.0"
    }
  }
}